LogManager has started up successfully.
DisplayManager has started up successfully.
InputManager has started up successfully.
WorldManager has started up successfully.
ResourceManager has started up successfully.
Max_y = 15
Min_y = 7
Y_pos = 11
Y position: 11
Y position: 11
Y position: 11
Y position: 12
Y position: 12
Y position: 12
Y position: 12
Y position: 13
Y position: 13
Y position: 13
Y position: 13
Y position: 14
Y position: 14
Y position: 14
Y position: 14
Y position: 15
Y position: 14
Y position: 14
Y position: 14
Y position: 14
Y position: 13
Y position: 13
Y position: 13
Y position: 13
Y position: 12
Y position: 12
Y position: 12
Y position: 12
Y position: 11
Y position: 11
Y position: 11
Y position: 11
Y position: 10
Y position: 10
Y position: 10
Y position: 10
Y position: 9
Y position: 9
Y position: 9
Y position: 9
Y position: 8
Y position: 8
Y position: 8
Y position: 8
Y position: 7
Y position: 8
Y position: 8
Y position: 8
Y position: 8
Y position: 9
Y position: 9
Y position: 9
Y position: 9
Y position: 10
Y position: 10
Y position: 10
Y position: 10
Y position: 11
Y position: 11
Y position: 11
Y position: 11
Y position: 12
Y position: 12
Y position: 12
Y position: 12
Y position: 13
Y position: 13
Y position: 13
Y position: 13
Y position: 14
Y position: 14
Y position: 14
Y position: 14
Y position: 15
Y position: 14
Y position: 14
Y position: 14
Y position: 14
Y position: 13
Y position: 13
Y position: 13
Y position: 13
Y position: 12
Y position: 12
Y position: 12
Y position: 12
Y position: 11
Y position: 11
Y position: 11
Y position: 11
Y position: 10
Y position: 10
Y position: 10
Y position: 10
Y position: 9
Y position: 9
Y position: 9
Y position: 9
Y position: 8
Y position: 8
Y position: 8
Y position: 8
Y position: 7
Y position: 8
Y position: 8
Y position: 8
Y position: 8
Y position: 9
Y position: 9
Y position: 9
Y position: 9
Y position: 10
Y position: 10
Y position: 10
Y position: 10
Y position: 11
Y position: 11
Y position: 11
Y position: 11
Y position: 12
Y position: 12
Y position: 12
Y position: 12
Max_y = 8
Min_y = 0
Y_pos = 4
Y position: 4
Y position: 4
Y position: 4
Y position: 4
Y position: 5
Y position: 5
Y position: 5
Y position: 5
Y position: 6
Y position: 6
Y position: 6
Y position: 6
Y position: 7
Y position: 7
Y position: 7
Y position: 7
Y position: 8
Y position: 7
Y position: 7
Y position: 7
Y position: 7
Y position: 6
Y position: 6
Y position: 6
Y position: 6
Y position: 5
Y position: 5
Y position: 5
Y position: 5
Y position: 4
Y position: 4
Y position: 4
Y position: 4
Y position: 3
Y position: 3
Y position: 3
Y position: 3
Y position: 2
Y position: 2
Y position: 2
Y position: 2
Y position: 1
Y position: 1
Y position: 1
Y position: 1
Y position: 0
Y position: 1
Y position: 1
Y position: 1
Y position: 1
Y position: 2
Y position: 2
Y position: 2
Y position: 2
Y position: 3
Y position: 3
Y position: 3
Y position: 3
Y position: 4
Y position: 4
Y position: 4
Y position: 4
Y position: 5
Y position: 5
Y position: 5
Y position: 5
Y position: 6
Y position: 6
Y position: 6
Y position: 6
Y position: 7
Y position: 7
Y position: 7
Y position: 7
Y position: 8
Y position: 7
Y position: 7
Y position: 7
Y position: 7
Y position: 6
Y position: 6
Y position: 6
Y position: 6
Y position: 5
Max_y = 8
Min_y = 0
Y_pos = 4
Y position: 4
Y position: 3
Y position: 3
Y position: 3
Y position: 3
Y position: 2
Y position: 2
Y position: 2
Y position: 2
Y position: 1
Y position: 1
Y position: 1
Y position: 1
Y position: 0
Y position: 1
Y position: 1
Y position: 1
Y position: 1
Y position: 2
Y position: 2
Y position: 2
Y position: 2
Y position: 3
Y position: 3
Y position: 3
Y position: 3
Y position: 4
Y position: 4
Y position: 4
Y position: 4
Y position: 5
Y position: 5
Y position: 5
Y position: 5
Y position: 6
Y position: 6
Y position: 6
Y position: 6
Y position: 7
Y position: 7
Y position: 7
Y position: 7
Y position: 8
Y position: 7
Y position: 7
Y position: 7
Y position: 7
Y position: 6
Y position: 6
Y position: 6
Y position: 6
Y position: 5
Y position: 5
Y position: 5
Y position: 5
Y position: 4
Y position: 4
Y position: 4
Y position: 4
Y position: 3
Y position: 3
Y position: 3
Y position: 3
Y position: 2
Y position: 2
Y position: 2
Y position: 2
Y position: 1
Y position: 1
Y position: 1
Y position: 1
Y position: 0
Y position: 1
Y position: 1
Y position: 1
Y position: 1
Y position: 2
Y position: 2
Y position: 2
Y position: 2
Y position: 3
Y position: 3
Y position: 3
Y position: 3
Max_y = 10
Min_y = 2
Y_pos = 6
Y position: 6
Y position: 6
Y position: 6
Y position: 6
Y position: 7
Y position: 7
Y position: 7
Y position: 7
Y position: 8
Y position: 8
Y position: 8
Y position: 8
Y position: 9
Y position: 9
Y position: 9
Y position: 9
Y position: 10
Y position: 9
Y position: 9
Y position: 9
Y position: 9
Y position: 8
Y position: 8
Y position: 8
Y position: 8
Y position: 7
Y position: 7
Y position: 7
Y position: 7
Y position: 6
Y position: 6
Y position: 6
Y position: 6
Y position: 5
Y position: 5
Y position: 5
Y position: 5
Y position: 4
Y position: 4
Y position: 4
Y position: 4
Y position: 3
Y position: 3
Y position: 3
Y position: 3
Y position: 2
Y position: 3
Y position: 3
Y position: 3
Y position: 3
Y position: 4
Y position: 4
Y position: 4
Y position: 4
Y position: 5
Y position: 5
Y position: 5
Y position: 5
Y position: 6
Y position: 6
Y position: 6
Y position: 6
Y position: 7
Y position: 7
Y position: 7
Y position: 7
Y position: 8
Y position: 8
Y position: 8
Y position: 8
Y position: 9
Y position: 9
Y position: 9
Y position: 9
Y position: 10
Y position: 9
Y position: 9
Y position: 9
Y position: 9
Y position: 8
Y position: 8
Y position: 8
Y position: 8
Y position: 7
Max_y = 12
Min_y = 4
Y_pos = 8
Y position: 8
Y position: 7
Y position: 7
Y position: 7
Y position: 7
Y position: 6
Y position: 6
Y position: 6
Y position: 6
Y position: 5
Y position: 5
Y position: 5
Y position: 5
Y position: 4
Y position: 5
Y position: 5
Y position: 5
Y position: 5
Y position: 6
Y position: 6
Y position: 6
Y position: 6
Y position: 7
Y position: 7
Y position: 7
Y position: 7
Y position: 8
Y position: 8
Y position: 8
Y position: 8
Y position: 9
Y position: 9
Y position: 9
Y position: 9
Y position: 10
Y position: 10
Y position: 10
Y position: 10
Y position: 11
Y position: 11
Y position: 11
Y position: 11
Y position: 12
Y position: 11
Y position: 11
Y position: 11
Y position: 11
Y position: 10
Y position: 10
Y position: 10
Y position: 10
Y position: 9
Y position: 9
Y position: 9
Y position: 9
Y position: 8
Y position: 8
Y position: 8
Y position: 8
Y position: 7
Y position: 7
Y position: 7
Y position: 7
Y position: 6
Y position: 6
Y position: 6
Y position: 6
Y position: 5
Y position: 5
Y position: 5
Y position: 5
Y position: 4
Y position: 5
Y position: 5
Y position: 5
Y position: 5
Y position: 6
Y position: 6
Y position: 6
Y position: 6
Y position: 7
Y position: 7
Y position: 7
Y position: 7
Max_y = 21
Min_y = 13
Y_pos = 17
Y position: 17
Y position: 17
Y position: 17
Y position: 17
Y position: 18
Y position: 18
Y position: 18
Y position: 18
Y position: 19
Y position: 19
Y position: 19
Y position: 19
Y position: 20
Y position: 20
Y position: 20
Y position: 20
Y position: 21
Y position: 20
Y position: 20
Y position: 20
Y position: 20
Y position: 19
Y position: 19
Y position: 19
Y position: 19
Y position: 18
Y position: 18
Y position: 18
Y position: 18
Y position: 17
Y position: 17
Y position: 17
Y position: 17
Y position: 16
Y position: 16
Y position: 16
Y position: 16
Y position: 15
Y position: 15
ResourceManager is shutting down...
WorldManager is shutting down...
InputManager is shutting down...
DisplayManager is shutting down...
LogManager is shutting down...
